<?xml version="1.0" encoding="UTF-8"?>
<!-- Generated by org.testng.reporters.JUnitReportReporter -->
<testsuite skipped="0" hostname="DESKTOP-GC3L78E" name="Automation.Tisting.OnlineBankingTest.TestNGExample1" tests="2" failures="0" timestamp="09 Nov 2018 23:46:05 GMT" time="0.020" errors="0">
  <testcase name="Test3" time="0.002" classname="Automation.Tisting.OnlineBankingTest.TestNGExample1"/>
  <testcase name="Test2" time="0.018" classname="Automation.Tisting.OnlineBankingTest.TestNGExample1"/>
</testsuite> <!-- Automation.Tisting.OnlineBankingTest.TestNGExample1 -->
